# JRE version: OpenJDK Runtime Environment (21.0.5) (build 21.0.5+-12932927-b750.29)
# Java VM: OpenJDK 64-Bit Server VM (21.0.5+-12932927-b750.29, mixed mode, tiered, compressed oops, compressed class ptrs, g1 gc, windows-amd64)
GC Precious Log:
 CardTable entry size: 512
 Card Set container configuration: InlinePtr #cards 5 size 8 Array Of Cards #cards 12 size 40 Howl #buckets 4 coarsen threshold 1843 Howl Bitmap #cards 512 size 80 coarsen threshold 460 Card regions per heap region 1 cards per card region 2048
 CPUs: 8 total, 8 available
 Memory: 32495M
 Large Page Support: Disabled
 NUMA Support: Disabled
 Compressed Oops: Enabled (32-bit)
 Heap Region Size: 1M
 Heap Min Capacity: 8M
 Heap Initial Capacity: 508M
 Heap Max Capacity: 2G
 Pre-touch: Disabled
 Parallel Workers: 8
 Concurrent Workers: 2
 Concurrent Refinement Workers: 8
 Periodic GC: Disabled
Heap:
 garbage-first heap   total 423936K, used 310206K [0x0000000080000000, 0x0000000100000000)
  region size 1024K, 69 young (70656K), 3 survivors (3072K)
 Metaspace       used 211548K, committed 214592K, reserved 1245184K
  class space    used 26742K, committed 28288K, reserved 1048576K
GC Heap History (20 events):
Event: 35.057 GC heap before
{Heap before GC invocations=39 (full 0):
 garbage-first heap   total 334848K, used 301942K [0x0000000080000000, 0x0000000100000000)
  region size 1024K, 114 young (116736K), 13 survivors (13312K)
 Metaspace       used 189177K, committed 192000K, reserved 1245184K
  class space    used 24081K, committed 25472K, reserved 1048576K
}
Event: 35.069 GC heap after
{Heap after GC invocations=40 (full 0):
 garbage-first heap   total 334848K, used 204995K [0x0000000080000000, 0x0000000100000000)
  region size 1024K, 8 young (8192K), 8 survivors (8192K)
 Metaspace       used 189177K, committed 192000K, reserved 1245184K
  class space    used 24081K, committed 25472K, reserved 1048576K
}
Event: 297.918 GC heap before
{Heap before GC invocations=41 (full 0):
 garbage-first heap   total 343040K, used 306371K [0x0000000080000000, 0x0000000100000000)
  region size 1024K, 108 young (110592K), 8 survivors (8192K)
 Metaspace       used 192133K, committed 195136K, reserved 1245184K
  class space    used 24467K, committed 25984K, reserved 1048576K
}
Event: 297.929 GC heap after
{Heap after GC invocations=42 (full 0):
 garbage-first heap   total 343040K, used 211968K [0x0000000080000000, 0x0000000100000000)
  region size 1024K, 14 young (14336K), 14 survivors (14336K)
 Metaspace       used 192133K, committed 195136K, reserved 1245184K
  class space    used 24467K, committed 25984K, reserved 1048576K
}
Event: 719.261 GC heap before
{Heap before GC invocations=42 (full 0):
 garbage-first heap   total 343040K, used 309248K [0x0000000080000000, 0x0000000100000000)
  region size 1024K, 110 young (112640K), 14 survivors (14336K)
 Metaspace       used 195333K, committed 198336K, reserved 1245184K
  class space    used 24901K, committed 26432K, reserved 1048576K
}
Event: 719.275 GC heap after
{Heap after GC invocations=43 (full 0):
 garbage-first heap   total 343040K, used 211844K [0x0000000080000000, 0x0000000100000000)
  region size 1024K, 9 young (9216K), 9 survivors (9216K)
 Metaspace       used 195333K, committed 198336K, reserved 1245184K
  class space    used 24901K, committed 26432K, reserved 1048576K
}
Event: 721.116 GC heap before
{Heap before GC invocations=43 (full 0):
 garbage-first heap   total 343040K, used 304004K [0x0000000080000000, 0x0000000100000000)
  region size 1024K, 101 young (103424K), 9 survivors (9216K)
 Metaspace       used 198525K, committed 201536K, reserved 1245184K
  class space    used 25298K, committed 26816K, reserved 1048576K
}
Event: 721.129 GC heap after
{Heap after GC invocations=44 (full 0):
 garbage-first heap   total 343040K, used 225264K [0x0000000080000000, 0x0000000100000000)
  region size 1024K, 14 young (14336K), 14 survivors (14336K)
 Metaspace       used 198525K, committed 201536K, reserved 1245184K
  class space    used 25298K, committed 26816K, reserved 1048576K
}
Event: 723.599 GC heap before
{Heap before GC invocations=45 (full 0):
 garbage-first heap   total 391168K, used 326640K [0x0000000080000000, 0x0000000100000000)
  region size 1024K, 95 young (97280K), 14 survivors (14336K)
 Metaspace       used 199172K, committed 202176K, reserved 1245184K
  class space    used 25345K, committed 26880K, reserved 1048576K
}
Event: 723.622 GC heap after
{Heap after GC invocations=46 (full 0):
 garbage-first heap   total 391168K, used 257024K [0x0000000080000000, 0x0000000100000000)
  region size 1024K, 12 young (12288K), 12 survivors (12288K)
 Metaspace       used 199172K, committed 202176K, reserved 1245184K
  class space    used 25345K, committed 26880K, reserved 1048576K
}
Event: 724.605 GC heap before
{Heap before GC invocations=46 (full 0):
 garbage-first heap   total 391168K, used 353280K [0x0000000080000000, 0x0000000100000000)
  region size 1024K, 95 young (97280K), 12 survivors (12288K)
 Metaspace       used 202135K, committed 205184K, reserved 1245184K
  class space    used 25596K, committed 27136K, reserved 1048576K
}
Event: 724.628 GC heap after
{Heap after GC invocations=47 (full 0):
 garbage-first heap   total 391168K, used 260096K [0x0000000080000000, 0x0000000100000000)
  region size 1024K, 12 young (12288K), 12 survivors (12288K)
 Metaspace       used 202135K, committed 205184K, reserved 1245184K
  class space    used 25596K, committed 27136K, reserved 1048576K
}
Event: 725.463 GC heap before
{Heap before GC invocations=47 (full 0):
 garbage-first heap   total 391168K, used 344064K [0x0000000080000000, 0x0000000100000000)
  region size 1024K, 95 young (97280K), 12 survivors (12288K)
 Metaspace       used 203981K, committed 206976K, reserved 1245184K
  class space    used 25751K, committed 27264K, reserved 1048576K
}
Event: 725.468 GC heap after
{Heap after GC invocations=48 (full 0):
 garbage-first heap   total 391168K, used 257873K [0x0000000080000000, 0x0000000100000000)
  region size 1024K, 3 young (3072K), 3 survivors (3072K)
 Metaspace       used 203981K, committed 206976K, reserved 1245184K
  class space    used 25751K, committed 27264K, reserved 1048576K
}
Event: 727.372 GC heap before
{Heap before GC invocations=49 (full 0):
 garbage-first heap   total 423936K, used 343889K [0x0000000080000000, 0x0000000100000000)
  region size 1024K, 92 young (94208K), 3 survivors (3072K)
 Metaspace       used 206665K, committed 209728K, reserved 1245184K
  class space    used 26081K, committed 27584K, reserved 1048576K
}
Event: 727.379 GC heap after
{Heap after GC invocations=50 (full 0):
 garbage-first heap   total 423936K, used 258048K [0x0000000080000000, 0x0000000100000000)
  region size 1024K, 7 young (7168K), 7 survivors (7168K)
 Metaspace       used 206665K, committed 209728K, reserved 1245184K
  class space    used 26081K, committed 27584K, reserved 1048576K
}
Event: 728.310 GC heap before
{Heap before GC invocations=50 (full 0):
 garbage-first heap   total 423936K, used 370688K [0x0000000080000000, 0x0000000100000000)
  region size 1024K, 118 young (120832K), 7 survivors (7168K)
 Metaspace       used 208125K, committed 211136K, reserved 1245184K
  class space    used 26272K, committed 27776K, reserved 1048576K
}
Event: 728.329 GC heap after
{Heap after GC invocations=51 (full 0):
 garbage-first heap   total 423936K, used 241096K [0x0000000080000000, 0x0000000100000000)
  region size 1024K, 15 young (15360K), 15 survivors (15360K)
 Metaspace       used 208125K, committed 211136K, reserved 1245184K
  class space    used 26272K, committed 27776K, reserved 1048576K
}
Event: 728.406 GC heap before
{Heap before GC invocations=51 (full 0):
 garbage-first heap   total 423936K, used 261576K [0x0000000080000000, 0x0000000100000000)
  region size 1024K, 36 young (36864K), 15 survivors (15360K)
 Metaspace       used 208192K, committed 211200K, reserved 1245184K
  class space    used 26275K, committed 27776K, reserved 1048576K
}
Event: 728.416 GC heap after
{Heap after GC invocations=52 (full 0):
 garbage-first heap   total 423936K, used 244670K [0x0000000080000000, 0x0000000100000000)
  region size 1024K, 3 young (3072K), 3 survivors (3072K)
 Metaspace       used 208192K, committed 211200K, reserved 1245184K
  class space    used 26275K, committed 27776K, reserved 1048576K
}

